<?xml version="1.0" encoding="UTF-8"?>
<testng-results ignored="0" total="2" passed="2" failed="0" skipped="0">
  <reporter-output>
  </reporter-output>
  <suite started-at="2021-12-06T08:55:28 IST" name="Suite" finished-at="2021-12-06T08:55:32 IST" duration-ms="3976">
    <groups>
    </groups>
    <test started-at="2021-12-06T08:55:28 IST" name="Test" finished-at="2021-12-06T08:55:32 IST" duration-ms="3976">
      <class name="com.HRM.Testcases.LaunchBrowser">
        <test-method is-config="true" signature="Launch()[pri:0, instance:com.HRM.Testcases.LaunchBrowser@6e171cd7]" started-at="2021-12-06T08:55:20 IST" name="Launch" finished-at="2021-12-06T08:55:28 IST" duration-ms="8767" status="PASS">
          <reporter-output>
          </reporter-output>
        </test-method> <!-- Launch -->
        <test-method signature="Checktitle()[pri:0, instance:com.HRM.Testcases.LaunchBrowser@6e171cd7]" started-at="2021-12-06T08:55:28 IST" name="Checktitle" finished-at="2021-12-06T08:55:28 IST" duration-ms="30" status="PASS">
          <reporter-output>
          </reporter-output>
        </test-method> <!-- Checktitle -->
        <test-method signature="Login()[pri:0, instance:com.HRM.Testcases.LaunchBrowser@6e171cd7]" started-at="2021-12-06T08:55:28 IST" name="Login" finished-at="2021-12-06T08:55:32 IST" duration-ms="3920" status="PASS">
          <reporter-output>
          </reporter-output>
        </test-method> <!-- Login -->
      </class> <!-- com.HRM.Testcases.LaunchBrowser -->
    </test> <!-- Test -->
  </suite> <!-- Suite -->
</testng-results>
